<?xml version="1.0" encoding="UTF-8"?>
<testsuite xmlns:xsi="http://www.w3.org/2001/XMLSchema-instance" xsi:noNamespaceSchemaLocation="https://maven.apache.org/surefire/maven-surefire-plugin/xsd/surefire-test-report-3.0.xsd" version="3.0" name="com.acmtrain.backend.service.TrainingQueryServiceTest" time="1.757" tests="6" errors="0" skipped="0" failures="0">
  <properties>
[...]
</properties>
  <testcase name="testUpdateTaskStatus" classname="com.acmtrain.backend.service.TrainingQueryServiceTest" time="1.656">
    <system-out><![CDATA[01:32:48.369 [main] INFO com.acmtrain.backend.service.TrainingQueryService -- Updating task status for id: 1, new status: DONE
01:32:48.377 [main] INFO com.acmtrain.backend.service.TrainingQueryService -- Task status updated successfully for id: 1
]]></system-out>
    <system-err><![CDATA[WARNING: A Java agent has been loaded dynamically (C:\Users\16043\.m2\repository\net\bytebuddy\byte-buddy-agent\1.14.19\byte-buddy-agent-1.14.19.jar)
WARNING: If a serviceability tool is in use, please run with -XX:+EnableDynamicAgentLoading to hide this warning
WARNING: If a serviceability tool is not in use, please run with -Djdk.instrument.traceUsage for more information
WARNING: Dynamic loading of agents will be disallowed by default in a future release
]]></system-err>
  </testcase>
  <testcase name="testTasks" classname="com.acmtrain.backend.service.TrainingQueryServiceTest" time="0.013"/>
  <testcase name="testUpdateTaskProgress" classname="com.acmtrain.backend.service.TrainingQueryServiceTest" time="0.008">
    <system-out><![CDATA[01:32:48.419 [main] INFO com.acmtrain.backend.service.TrainingQueryService -- Updating task progress for id: 1, completed problems: 10
01:32:48.420 [main] INFO com.acmtrain.backend.service.TrainingQueryService -- Task 1 marked as DONE
01:32:48.421 [main] INFO com.acmtrain.backend.service.TrainingQueryService -- Task progress updated successfully for id: 1
]]></system-out>
  </testcase>
  <testcase name="testCreateTask" classname="com.acmtrain.backend.service.TrainingQueryServiceTest" time="0.007">
    <system-out><![CDATA[01:32:48.427 [main] INFO com.acmtrain.backend.service.TrainingQueryService -- Creating new task: New Task
01:32:48.430 [main] INFO com.acmtrain.backend.service.TrainingQueryService -- Task created successfully with id: 1
]]></system-out>
  </testcase>
  <testcase name="testUpdateTaskStatus_TaskNotFound" classname="com.acmtrain.backend.service.TrainingQueryServiceTest" time="0.016">
    <system-out><![CDATA[01:32:48.437 [main] INFO com.acmtrain.backend.service.TrainingQueryService -- Updating task status for id: 1, new status: DONE
]]></system-out>
  </testcase>
  <testcase name="testUpdateTaskProgress_InvalidValue" classname="com.acmtrain.backend.service.TrainingQueryServiceTest" time="0.005">
    <system-out><![CDATA[01:32:48.456 [main] INFO com.acmtrain.backend.service.TrainingQueryService -- Updating task progress for id: 1, completed problems: 15
01:32:48.456 [main] WARN com.acmtrain.backend.service.TrainingQueryService -- Invalid completed problems value: 15 for task id: 1, max: 10
]]></system-out>
  </testcase>
</testsuite>